2025-06-24T09:24:45.377+08:00  INFO 14724 --- [MezaStarTradingPlatform] [main] c.e.d.MezaStarTradingPlatformApplication : Starting MezaStarTradingPlatformApplication using Java 17.0.8 with PID 14724 (C:\Users\enjoy\Desktop\翁\新尖兵計畫\JavaWeb\worksplace\MezaStarTradingPlatform\target\classes started by enjoy in C:\Users\enjoy\Desktop\翁\新尖兵計畫\JavaWeb\worksplace\MezaStarTradingPlatform)
2025-06-24T09:24:45.381+08:00  INFO 14724 --- [MezaStarTradingPlatform] [main] c.e.d.MezaStarTradingPlatformApplication : No active profile set, falling back to 1 default profile: "default"
2025-06-24T09:24:45.911+08:00  INFO 14724 --- [MezaStarTradingPlatform] [main] .s.d.r.c.RepositoryConfigurationDelegate : Bootstrapping Spring Data JPA repositories in DEFAULT mode.
2025-06-24T09:24:45.970+08:00  INFO 14724 --- [MezaStarTradingPlatform] [main] .s.d.r.c.RepositoryConfigurationDelegate : Finished Spring Data repository scanning in 52 ms. Found 5 JPA repository interfaces.
2025-06-24T09:24:46.374+08:00  INFO 14724 --- [MezaStarTradingPlatform] [main] o.s.b.w.embedded.tomcat.TomcatWebServer  : Tomcat initialized with port 8888 (http)
2025-06-24T09:24:46.386+08:00  INFO 14724 --- [MezaStarTradingPlatform] [main] o.apache.catalina.core.StandardService   : Starting service [Tomcat]
2025-06-24T09:24:46.386+08:00  INFO 14724 --- [MezaStarTradingPlatform] [main] o.apache.catalina.core.StandardEngine    : Starting Servlet engine: [Apache Tomcat/10.1.40]
2025-06-24T09:24:46.555+08:00  INFO 14724 --- [MezaStarTradingPlatform] [main] org.apache.jasper.servlet.TldScanner     : At least one JAR was scanned for TLDs yet contained no TLDs. Enable debug logging for this logger for a complete list of JARs that were scanned but no TLDs were found in them. Skipping unneeded JARs during scanning can improve startup time and JSP compilation time.
2025-06-24T09:24:46.561+08:00  INFO 14724 --- [MezaStarTradingPlatform] [main] o.a.c.c.C.[Tomcat].[localhost].[/]       : Initializing Spring embedded WebApplicationContext
2025-06-24T09:24:46.562+08:00  INFO 14724 --- [MezaStarTradingPlatform] [main] w.s.c.ServletWebServerApplicationContext : Root WebApplicationContext: initialization completed in 1149 ms
2025-06-24T09:24:46.672+08:00  INFO 14724 --- [MezaStarTradingPlatform] [main] o.hibernate.jpa.internal.util.LogHelper  : HHH000204: Processing PersistenceUnitInfo [name: default]
2025-06-24T09:24:46.725+08:00  INFO 14724 --- [MezaStarTradingPlatform] [main] org.hibernate.Version                    : HHH000412: Hibernate ORM core version 6.6.13.Final
2025-06-24T09:24:46.754+08:00  INFO 14724 --- [MezaStarTradingPlatform] [main] o.h.c.internal.RegionFactoryInitiator    : HHH000026: Second-level cache disabled
2025-06-24T09:24:46.962+08:00  INFO 14724 --- [MezaStarTradingPlatform] [main] o.s.o.j.p.SpringPersistenceUnitInfo      : No LoadTimeWeaver setup: ignoring JPA class transformer
2025-06-24T09:24:46.987+08:00  INFO 14724 --- [MezaStarTradingPlatform] [main] com.zaxxer.hikari.HikariDataSource       : HikariPool-1 - Starting...
2025-06-24T09:24:47.122+08:00  INFO 14724 --- [MezaStarTradingPlatform] [main] com.zaxxer.hikari.pool.HikariPool        : HikariPool-1 - Added connection com.mysql.cj.jdbc.ConnectionImpl@22ae32ba
2025-06-24T09:24:47.125+08:00  INFO 14724 --- [MezaStarTradingPlatform] [main] com.zaxxer.hikari.HikariDataSource       : HikariPool-1 - Start completed.
2025-06-24T09:24:47.209+08:00  INFO 14724 --- [MezaStarTradingPlatform] [main] org.hibernate.orm.connections.pooling    : HHH10001005: Database info:
	Database JDBC URL [Connecting through datasource 'HikariDataSource (HikariPool-1)']
	Database driver: undefined/unknown
	Database version: 8.0.34
	Autocommit mode: undefined/unknown
	Isolation level: undefined/unknown
	Minimum pool size: undefined/unknown
	Maximum pool size: undefined/unknown
2025-06-24T09:24:47.923+08:00  INFO 14724 --- [MezaStarTradingPlatform] [main] o.h.e.t.j.p.i.JtaPlatformInitiator       : HHH000489: No JTA platform available (set 'hibernate.transaction.jta.platform' to enable JTA platform integration)
2025-06-24T09:24:47.995+08:00  INFO 14724 --- [MezaStarTradingPlatform] [main] j.LocalContainerEntityManagerFactoryBean : Initialized JPA EntityManagerFactory for persistence unit 'default'
2025-06-24T09:24:48.186+08:00  INFO 14724 --- [MezaStarTradingPlatform] [main] o.s.d.j.r.query.QueryEnhancerFactory     : Hibernate is in classpath; If applicable, HQL parser will be used.
2025-06-24T09:24:48.919+08:00  WARN 14724 --- [MezaStarTradingPlatform] [main] .s.s.UserDetailsServiceAutoConfiguration : 

Using generated security password: 9bf83928-9fe2-4007-9ff3-8af959611d5a

This generated password is for development use only. Your security configuration must be updated before running your application in production.

2025-06-24T09:24:48.942+08:00  INFO 14724 --- [MezaStarTradingPlatform] [main] r$InitializeUserDetailsManagerConfigurer : Global AuthenticationManager configured with UserDetailsService bean with name inMemoryUserDetailsManager
2025-06-24T09:24:49.279+08:00  INFO 14724 --- [MezaStarTradingPlatform] [main] o.s.b.w.embedded.tomcat.TomcatWebServer  : Tomcat started on port 8888 (http) with context path '/'
2025-06-24T09:24:49.286+08:00  INFO 14724 --- [MezaStarTradingPlatform] [main] c.e.d.MezaStarTradingPlatformApplication : Started MezaStarTradingPlatformApplication in 4.251 seconds (process running for 4.624)
2025-06-24T09:24:52.307+08:00  INFO 14724 --- [MezaStarTradingPlatform] [http-nio-8888-exec-1] o.a.c.c.C.[Tomcat].[localhost].[/]       : Initializing Spring DispatcherServlet 'dispatcherServlet'
2025-06-24T09:24:52.307+08:00  INFO 14724 --- [MezaStarTradingPlatform] [http-nio-8888-exec-1] o.s.web.servlet.DispatcherServlet        : Initializing Servlet 'dispatcherServlet'
2025-06-24T09:24:52.308+08:00  INFO 14724 --- [MezaStarTradingPlatform] [http-nio-8888-exec-1] o.s.web.servlet.DispatcherServlet        : Completed initialization in 1 ms
2025-06-24T11:01:43.073+08:00  INFO 14724 --- [MezaStarTradingPlatform] [RMI TCP Connection(107)-127.0.0.1] inMXBeanRegistrar$SpringApplicationAdmin : Application shutdown requested.
2025-06-24T11:01:43.085+08:00  INFO 14724 --- [MezaStarTradingPlatform] [RMI TCP Connection(107)-127.0.0.1] o.s.b.w.e.tomcat.GracefulShutdown        : Commencing graceful shutdown. Waiting for active requests to complete
2025-06-24T11:01:43.123+08:00  INFO 14724 --- [MezaStarTradingPlatform] [tomcat-shutdown] o.s.b.w.e.tomcat.GracefulShutdown        : Graceful shutdown complete
2025-06-24T11:01:43.136+08:00  INFO 14724 --- [MezaStarTradingPlatform] [RMI TCP Connection(107)-127.0.0.1] j.LocalContainerEntityManagerFactoryBean : Closing JPA EntityManagerFactory for persistence unit 'default'
2025-06-24T11:01:43.140+08:00  INFO 14724 --- [MezaStarTradingPlatform] [RMI TCP Connection(107)-127.0.0.1] com.zaxxer.hikari.HikariDataSource       : HikariPool-1 - Shutdown initiated...
2025-06-24T11:01:43.146+08:00  INFO 14724 --- [MezaStarTradingPlatform] [RMI TCP Connection(107)-127.0.0.1] com.zaxxer.hikari.HikariDataSource       : HikariPool-1 - Shutdown completed.
